C:\Program Files (x86)\Microsoft Visual Studio\2017\Community\MSBuild\15.0\Bin\Microsoft.Common.CurrentVersion.targets(1879,5): warning : The referenced project 'E:\GitHub\OpenGLEngine\glfw-3.3\build\ZERO_CHECK.vcxproj' does not exist.
C:\Program Files (x86)\Microsoft Visual Studio\2017\Community\MSBuild\15.0\Bin\Microsoft.Common.CurrentVersion.targets(1879,5): warning : The referenced project 'E:\GitHub\OpenGLEngine\glfw-3.3\build\examples\boing.vcxproj' does not exist.
C:\Program Files (x86)\Microsoft Visual Studio\2017\Community\MSBuild\15.0\Bin\Microsoft.Common.CurrentVersion.targets(1879,5): warning : The referenced project 'E:\GitHub\OpenGLEngine\glfw-3.3\build\tests\clipboard.vcxproj' does not exist.
C:\Program Files (x86)\Microsoft Visual Studio\2017\Community\MSBuild\15.0\Bin\Microsoft.Common.CurrentVersion.targets(1879,5): warning : The referenced project 'E:\GitHub\OpenGLEngine\glfw-3.3\build\tests\cursor.vcxproj' does not exist.
C:\Program Files (x86)\Microsoft Visual Studio\2017\Community\MSBuild\15.0\Bin\Microsoft.Common.CurrentVersion.targets(1879,5): warning : The referenced project 'E:\GitHub\OpenGLEngine\glfw-3.3\build\tests\empty.vcxproj' does not exist.
C:\Program Files (x86)\Microsoft Visual Studio\2017\Community\MSBuild\15.0\Bin\Microsoft.Common.CurrentVersion.targets(1879,5): warning : The referenced project 'E:\GitHub\OpenGLEngine\glfw-3.3\build\tests\events.vcxproj' does not exist.
C:\Program Files (x86)\Microsoft Visual Studio\2017\Community\MSBuild\15.0\Bin\Microsoft.Common.CurrentVersion.targets(1879,5): warning : The referenced project 'E:\GitHub\OpenGLEngine\glfw-3.3\build\tests\gamma.vcxproj' does not exist.
C:\Program Files (x86)\Microsoft Visual Studio\2017\Community\MSBuild\15.0\Bin\Microsoft.Common.CurrentVersion.targets(1879,5): warning : The referenced project 'E:\GitHub\OpenGLEngine\glfw-3.3\build\examples\gears.vcxproj' does not exist.
C:\Program Files (x86)\Microsoft Visual Studio\2017\Community\MSBuild\15.0\Bin\Microsoft.Common.CurrentVersion.targets(1879,5): warning : The referenced project 'E:\GitHub\OpenGLEngine\glfw-3.3\build\src\glfw.vcxproj' does not exist.
C:\Program Files (x86)\Microsoft Visual Studio\2017\Community\MSBuild\15.0\Bin\Microsoft.Common.CurrentVersion.targets(1879,5): warning : The referenced project 'E:\GitHub\OpenGLEngine\glfw-3.3\build\tests\glfwinfo.vcxproj' does not exist.
C:\Program Files (x86)\Microsoft Visual Studio\2017\Community\MSBuild\15.0\Bin\Microsoft.Common.CurrentVersion.targets(1879,5): warning : The referenced project 'E:\GitHub\OpenGLEngine\glfw-3.3\build\examples\heightmap.vcxproj' does not exist.
C:\Program Files (x86)\Microsoft Visual Studio\2017\Community\MSBuild\15.0\Bin\Microsoft.Common.CurrentVersion.targets(1879,5): warning : The referenced project 'E:\GitHub\OpenGLEngine\glfw-3.3\build\tests\icon.vcxproj' does not exist.
C:\Program Files (x86)\Microsoft Visual Studio\2017\Community\MSBuild\15.0\Bin\Microsoft.Common.CurrentVersion.targets(1879,5): warning : The referenced project 'E:\GitHub\OpenGLEngine\glfw-3.3\build\tests\iconify.vcxproj' does not exist.
C:\Program Files (x86)\Microsoft Visual Studio\2017\Community\MSBuild\15.0\Bin\Microsoft.Common.CurrentVersion.targets(1879,5): warning : The referenced project 'E:\GitHub\OpenGLEngine\glfw-3.3\build\tests\inputlag.vcxproj' does not exist.
C:\Program Files (x86)\Microsoft Visual Studio\2017\Community\MSBuild\15.0\Bin\Microsoft.Common.CurrentVersion.targets(1879,5): warning : The referenced project 'E:\GitHub\OpenGLEngine\glfw-3.3\build\tests\joysticks.vcxproj' does not exist.
C:\Program Files (x86)\Microsoft Visual Studio\2017\Community\MSBuild\15.0\Bin\Microsoft.Common.CurrentVersion.targets(1879,5): warning : The referenced project 'E:\GitHub\OpenGLEngine\glfw-3.3\build\tests\monitors.vcxproj' does not exist.
C:\Program Files (x86)\Microsoft Visual Studio\2017\Community\MSBuild\15.0\Bin\Microsoft.Common.CurrentVersion.targets(1879,5): warning : The referenced project 'E:\GitHub\OpenGLEngine\glfw-3.3\build\tests\msaa.vcxproj' does not exist.
C:\Program Files (x86)\Microsoft Visual Studio\2017\Community\MSBuild\15.0\Bin\Microsoft.Common.CurrentVersion.targets(1879,5): warning : The referenced project 'E:\GitHub\OpenGLEngine\glfw-3.3\build\examples\offscreen.vcxproj' does not exist.
C:\Program Files (x86)\Microsoft Visual Studio\2017\Community\MSBuild\15.0\Bin\Microsoft.Common.CurrentVersion.targets(1879,5): warning : The referenced project 'E:\GitHub\OpenGLEngine\glfw-3.3\build\tests\opacity.vcxproj' does not exist.
C:\Program Files (x86)\Microsoft Visual Studio\2017\Community\MSBuild\15.0\Bin\Microsoft.Common.CurrentVersion.targets(1879,5): warning : The referenced project 'E:\GitHub\OpenGLEngine\glfw-3.3\build\examples\particles.vcxproj' does not exist.
C:\Program Files (x86)\Microsoft Visual Studio\2017\Community\MSBuild\15.0\Bin\Microsoft.Common.CurrentVersion.targets(1879,5): warning : The referenced project 'E:\GitHub\OpenGLEngine\glfw-3.3\build\tests\reopen.vcxproj' does not exist.
C:\Program Files (x86)\Microsoft Visual Studio\2017\Community\MSBuild\15.0\Bin\Microsoft.Common.CurrentVersion.targets(1879,5): warning : The referenced project 'E:\GitHub\OpenGLEngine\glfw-3.3\build\examples\sharing.vcxproj' does not exist.
C:\Program Files (x86)\Microsoft Visual Studio\2017\Community\MSBuild\15.0\Bin\Microsoft.Common.CurrentVersion.targets(1879,5): warning : The referenced project 'E:\GitHub\OpenGLEngine\glfw-3.3\build\examples\simple.vcxproj' does not exist.
C:\Program Files (x86)\Microsoft Visual Studio\2017\Community\MSBuild\15.0\Bin\Microsoft.Common.CurrentVersion.targets(1879,5): warning : The referenced project 'E:\GitHub\OpenGLEngine\glfw-3.3\build\examples\splitview.vcxproj' does not exist.
C:\Program Files (x86)\Microsoft Visual Studio\2017\Community\MSBuild\15.0\Bin\Microsoft.Common.CurrentVersion.targets(1879,5): warning : The referenced project 'E:\GitHub\OpenGLEngine\glfw-3.3\build\tests\tearing.vcxproj' does not exist.
C:\Program Files (x86)\Microsoft Visual Studio\2017\Community\MSBuild\15.0\Bin\Microsoft.Common.CurrentVersion.targets(1879,5): warning : The referenced project 'E:\GitHub\OpenGLEngine\glfw-3.3\build\tests\threads.vcxproj' does not exist.
C:\Program Files (x86)\Microsoft Visual Studio\2017\Community\MSBuild\15.0\Bin\Microsoft.Common.CurrentVersion.targets(1879,5): warning : The referenced project 'E:\GitHub\OpenGLEngine\glfw-3.3\build\tests\timeout.vcxproj' does not exist.
C:\Program Files (x86)\Microsoft Visual Studio\2017\Community\MSBuild\15.0\Bin\Microsoft.Common.CurrentVersion.targets(1879,5): warning : The referenced project 'E:\GitHub\OpenGLEngine\glfw-3.3\build\tests\title.vcxproj' does not exist.
C:\Program Files (x86)\Microsoft Visual Studio\2017\Community\MSBuild\15.0\Bin\Microsoft.Common.CurrentVersion.targets(1879,5): warning : The referenced project 'E:\GitHub\OpenGLEngine\glfw-3.3\build\tests\vulkan.vcxproj' does not exist.
C:\Program Files (x86)\Microsoft Visual Studio\2017\Community\MSBuild\15.0\Bin\Microsoft.Common.CurrentVersion.targets(1879,5): warning : The referenced project 'E:\GitHub\OpenGLEngine\glfw-3.3\build\examples\wave.vcxproj' does not exist.
C:\Program Files (x86)\Microsoft Visual Studio\2017\Community\MSBuild\15.0\Bin\Microsoft.Common.CurrentVersion.targets(1879,5): warning : The referenced project 'E:\GitHub\OpenGLEngine\glfw-3.3\build\tests\windows.vcxproj' does not exist.
C:\Program Files (x86)\Microsoft Visual Studio\2017\Community\Common7\IDE\VC\VCTargets\Microsoft.Cpp.WindowsSDK.targets(46,5): error MSB8036: The Windows SDK version 8.1 was not found. Install the required version of Windows SDK or change the SDK version in the project property pages or by right-clicking the solution and selecting "Retarget solution".
