d:\github\openglengine\openglengine\debug\vc141.pdb
d:\github\openglengine\openglengine\debug\vc141.idb
d:\github\openglengine\openglengine\debug\transformcomponent.obj
d:\github\openglengine\openglengine\debug\time.obj
d:\github\openglengine\openglengine\debug\texture.obj
d:\github\openglengine\openglengine\debug\system.obj
d:\github\openglengine\openglengine\debug\stb_image.obj
d:\github\openglengine\openglengine\debug\shader.obj
d:\github\openglengine\openglengine\debug\rigidbodysystem.obj
d:\github\openglengine\openglengine\debug\rigidbodycomponent.obj
d:\github\openglengine\openglengine\debug\rendersystemthirdperson.obj
d:\github\openglengine\openglengine\debug\rendersystemfps.obj
d:\github\openglengine\openglengine\debug\meshcomponent.obj
d:\github\openglengine\openglengine\debug\main.obj
d:\github\openglengine\openglengine\debug\library.obj
d:\github\openglengine\openglengine\debug\inputsystem.obj
d:\github\openglengine\openglengine\debug\followsystem.obj
d:\github\openglengine\openglengine\debug\entitymanager.obj
d:\github\openglengine\openglengine\debug\entity.obj
d:\github\openglengine\openglengine\debug\constants.obj
d:\github\openglengine\openglengine\debug\componentlookup.obj
d:\github\openglengine\openglengine\debug\component.obj
d:\github\openglengine\openglengine\debug\structs.obj
d:\github\openglengine\openglengine\debug\glad.obj
d:\github\openglengine\openglengine\debug\physicssubsystems.obj
d:\github\openglengine\openglengine\debug\playermovementsystem.obj
d:\github\openglengine\openglengine\debug\playercontrollersystem.obj
d:\github\openglengine\openglengine\debug\rendersystem.obj
d:\github\openglengine\openglengine\debug\networkcomponent.obj
d:\github\openglengine\openglengine\debug\networksystem.obj
d:\github\openglengine\openglengine\debug\library.obj.enc
d:\github\openglengine\debug\openglengine.pdb
d:\github\openglengine\openglengine\debug\openglengine.tlog\cl.command.1.tlog
d:\github\openglengine\openglengine\debug\openglengine.tlog\cl.read.1.tlog
d:\github\openglengine\openglengine\debug\openglengine.tlog\cl.write.1.tlog
d:\github\openglengine\openglengine\debug\openglengine.tlog\link-cvtres.read.1.tlog
d:\github\openglengine\openglengine\debug\openglengine.tlog\link-cvtres.write.1.tlog
d:\github\openglengine\openglengine\debug\openglengine.tlog\link-rc.read.1.tlog
d:\github\openglengine\openglengine\debug\openglengine.tlog\link-rc.write.1.tlog
d:\github\openglengine\openglengine\debug\openglengine.tlog\link.17876-cvtres.read.1.tlog
d:\github\openglengine\openglengine\debug\openglengine.tlog\link.17876-cvtres.write.1.tlog
d:\github\openglengine\openglengine\debug\openglengine.tlog\link.17876-rc.read.1.tlog
d:\github\openglengine\openglengine\debug\openglengine.tlog\link.17876-rc.write.1.tlog
d:\github\openglengine\openglengine\debug\openglengine.tlog\link.17876.read.1.tlog
d:\github\openglengine\openglengine\debug\openglengine.tlog\link.17876.write.1.tlog
d:\github\openglengine\openglengine\debug\openglengine.tlog\link.command.1.tlog
d:\github\openglengine\openglengine\debug\openglengine.tlog\link.read.1.tlog
d:\github\openglengine\openglengine\debug\openglengine.tlog\link.write.1.tlog
